

     *****************************************************************
     *                    ANSYS Chemkin-Pro 19.0                     *
     *                       TRAN Application                        *
     *             TRANSPORT PROPERTIES FITTING PROGRAM              *
     *              Copyright(c) 2008-2017 ANSYS, Inc.               *             
     *****************************************************************


 H2              1    38.000     2.920     0.000     0.790   280.000
 H               0   145.000     2.050     0.000     0.000     0.000
 O               0    80.000     2.750     0.000     0.000     0.000
 O2              1   107.400     3.458     0.000     1.600     3.800
 OH              1    80.000     2.750     0.000     0.000     0.000
 H2O             2   572.400     2.605     1.844     0.000     4.000
 HO2             2   107.400     3.458     0.000     0.000     1.000
 H2O2            2   107.400     3.458     0.000     0.000     3.800
 C               0    71.400     3.298     0.000     0.000     0.000
 CH              1    80.000     2.750     0.000     0.000     0.000
 CH2             1   144.000     3.800     0.000     0.000     0.000
 CH2(S)          1   144.000     3.800     0.000     0.000     0.000
 CH3             1   144.000     3.800     0.000     0.000     0.000
 CH4             2   141.400     3.746     0.000     2.600    13.000
 CO              1    98.100     3.650     0.000     1.950     1.800
 CO2             1   244.000     3.763     0.000     2.650     2.100
 HCO             2   498.000     3.590     0.000     0.000     0.000
 CH2O            2   498.000     3.590     0.000     0.000     2.000
 CH2OH           2   417.000     3.690     1.700     0.000     2.000
 CH3O            2   417.000     3.690     1.700     0.000     2.000
 CH3OH           2   481.800     3.626     0.000     0.000     1.000
 C2H             1   209.000     4.100     0.000     0.000     2.500
 C2H2            1   209.000     4.100     0.000     0.000     2.500
 C2H3            2   209.000     4.100     0.000     0.000     1.000
 C2H4            2   280.800     3.971     0.000     0.000     1.500
 C2H5            2   252.300     4.302     0.000     0.000     1.500
 C2H6            2   252.300     4.302     0.000     0.000     1.500
 HCCO            2   150.000     2.500     0.000     0.000     1.000
 CH2CO           2   436.000     3.970     0.000     0.000     2.000
 HCCOH           2   436.000     3.970     0.000     0.000     2.000
 NH              1    80.000     2.650     0.000     0.000     4.000
 NH2             2    80.000     2.650     0.000     2.260     4.000
 NH3             2   481.000     2.920     1.470     0.000    10.000
 NNH             2    71.400     3.798     0.000     0.000     1.000
 NO              1   139.320     3.339     0.200     1.760     4.000
 NO2             2   333.590     3.852     0.400     0.000     1.000
 N2O             1   232.400     3.828     0.000     0.000     1.000
 HNO             2   170.000     3.430     1.620     0.000     1.000
 CN              1    75.000     3.856     0.000     0.000     1.000
 HCN             1   569.000     3.630     0.000     0.000     1.000
 H2CN            1   569.000     3.630     0.000     0.000     1.000
 HCNN            2   150.000     2.500     0.000     0.000     1.000
 HCNO            2   232.400     3.828     0.000     0.000     1.000
 HOCN            2   232.400     3.828     0.000     0.000     1.000
 HNCO            2   232.400     3.828     0.000     0.000     1.000
 NCO             1   232.400     3.828     0.000     0.000     1.000
 N2              1    97.530     3.621     0.000     1.760     4.000
 AR              0   136.500     3.330     0.000     0.000     0.000
 C3H7            2   266.800     4.982     0.000     0.000     1.000
 C3H8            2   266.800     4.982     0.000     0.000     1.000
 CH2CHO          2   436.000     3.970     0.000     0.000     2.000
 CH3CHO          2   436.000     3.970     0.000     0.000     2.000
 H2NO            2   116.700     3.492     0.000     0.000     1.000
 N2H2            2    71.400     3.798     0.000     0.000     1.000
 HONO            2   350.000     3.950     1.639     0.000     1.000
 N2H3            2   200.000     3.900     0.000     0.000     1.000
 N2H4            2   205.000     4.230     0.000     4.260     1.500
 NH2OH           2   116.700     3.492     0.000     0.000     1.000
 CH3OO           2   436.000     3.970     0.000     0.000     2.000
 CH2OOH          2   436.000     3.970     0.000     0.000     2.000
 C2              1    97.530     3.621     0.000     1.760     4.000
 CH3CH2OH        2   362.600     4.530     0.000     0.000     1.500
 CH3CHOH         2   362.600     4.530     0.000     0.000     1.500
 CH3CH2O         2   362.600     4.530     0.000     0.000     1.500
 CH2CH2OH        2   362.600     4.530     0.000     0.000     1.500
 CH2CHOH         2   436.000     3.970     0.000     0.000     2.000
 cC2H4O          2   436.000     3.970     0.000     0.000     2.000
 CHCHOH          2   224.700     4.162     0.000     0.000     1.000
 cC2H3O          2   436.000     3.970     0.000     0.000     2.000
 C2O             1   232.400     3.828     0.000     0.000     1.000
 CH3CH2OOH       2   435.500     4.860     0.000     0.000     1.000
 CH3CH2OO        2   435.500     4.860     0.000     0.000     1.000
 CH3CHOOH        2   435.500     4.860     0.000     0.000     1.000
 CH2CH2OOH       2   435.500     4.860     0.000     0.000     1.000
 CH2CHOOH        2   435.500     4.860     0.000     0.000     1.000
 HOCH2CH2OO      2   435.500     4.860     0.000     0.000     1.000
 CH2CHOO         2   435.500     4.860     0.000     0.000     1.000
 OCHCHO          2   440.200     4.010     0.000     0.000     2.000
 OCHCO           2   440.200     4.010     0.000     0.000     2.000
 CH3C(O)OOH      2   395.000     4.037     1.300     0.000     1.000
 CH3C(O)OO       2   435.500     4.860     0.000     0.000     1.000
 CH3C(O)O        2   395.000     4.037     1.300     0.000     1.000
 N               0    71.400     3.298     0.000     0.000     0.000
 H2NN            2    71.400     3.798     0.000     0.000     1.000
 HNOH            2   116.700     3.492     0.000     0.000     1.000
 HON             2   116.700     3.492     0.000     0.000     1.000
 HNO2            2   350.000     3.950     1.639     0.000     1.000
 NO3             2   400.000     4.200     0.200     0.000     1.000
 HONO2           2   400.000     4.200     0.200     0.000     1.000
 HNC             1   569.000     3.630     0.000     0.000     1.000
 NCN             1   422.220     5.329     2.000     0.000     1.000
 HNCN            1   422.220     5.329     2.000     0.000     1.000
 NCNO            2   232.400     3.828     0.000     0.000     1.000
 NCNOH           2   232.400     3.828     0.000     0.000     1.000
 HNCNH           1   422.220     5.329     2.000     0.000     1.000
 NCCN            1   349.000     4.361     0.000     0.000     1.000
 CH3NO           2   436.000     3.970     0.000     0.000     2.000
 CH2NO           2   232.400     3.828     0.000     0.000     1.000
 C2H5NO          1   252.000     4.760     0.000     0.000     1.000
 CH3CHNO         1   252.000     4.760     0.000     0.000     1.000
 CH2CHNO         2   357.000     5.176     0.000     0.000     1.000
 CHCHNO          1   357.000     5.180     0.000     0.000     1.000
 CH3NO2          2   232.400     3.828     0.000     0.000     1.000
 CH2NO2          2   232.400     3.828     0.000     0.000     1.000
 C2H5NO2         2   503.072     5.340     1.670     8.880     1.000
 CH2CH2NO2       2   503.072     5.340     1.670     8.880     1.000
 CH3CHNO2        2   503.072     5.340     1.670     8.880     1.000
 CH3ONO          2   232.400     3.828     0.000     0.000     1.000
 CH3ONO2         2   459.500     5.036     1.700     0.000     1.000
 CH3CH2ONO       2   503.072     5.340     1.670     8.880     1.000
 CH3CH2ONO2      2   496.000     5.200     0.000     0.000     1.000
 CH3NH2          2   481.800     3.626     0.000     0.000     1.000
 CH2NH2          2   481.800     3.626     0.000     0.000     1.000
 CH3NH           2   481.800     3.626     0.000     0.000     1.000
 CH2NH           2   417.000     3.690     1.700     0.000     2.000
 HCNH            1   569.000     3.630     0.000     0.000     1.000
 CH3CH2NH2       2   436.000     3.970     0.000     0.000     2.000
 CH2CH2NH2       2   436.000     3.970     0.000     0.000     2.000
 CH3CHNH2        2   436.000     3.970     0.000     0.000     2.000
 CH3CH2NH        2   436.000     3.970     0.000     0.000     2.000
 CH2CHNH2        2   303.400     4.810     0.000     0.000     1.000
 CH3CHNH         2   303.400     4.810     0.000     0.000     1.000
 CH2CHNH         2   307.800     4.140     0.000     0.000     1.000
 CH2CNH2         2   307.800     4.140     0.000     0.000     1.000
 CH3CNH          2   307.800     4.140     0.000     0.000     1.000
 CH3CHN          2   307.800     4.140     0.000     0.000     1.000
 CHCHNH2         2   307.800     4.140     0.000     0.000     1.000
 CH3CN           2   422.220     5.329     3.500     0.000     1.000
 CHCNH2          2   260.000     4.850     0.000     0.000     1.000
 CH2CNH          2   260.000     4.850     0.000     0.000     1.000
 CH2CHN          2   260.000     4.850     0.000     0.000     1.000
 CH2CHN(S)       2   260.000     4.850     0.000     0.000     1.000
 c-C2H3N         2   260.000     4.850     0.000     0.000     1.000
 CH2CN           2   422.220     5.329     3.500     0.000     1.000
 CHCNH           1   252.000     4.760     0.000     0.000     1.000
 H2NCHO          2   307.800     4.140     0.000     0.000     1.000
 H2NCO           2   307.800     4.140     0.000     0.000     1.000
 CH3NHCH3        2   436.000     3.970     0.000     0.000     2.000
 CH3NHCH2        2   436.000     3.970     0.000     0.000     2.000
 CH3NCH3         2   436.000     3.970     0.000     0.000     2.000
 CH3NCH2         2   303.400     4.810     0.000     0.000     1.000
 CH2NCH2         2   307.800     4.140     0.000     0.000     1.000
 CH3NCH          2   307.800     4.140     0.000     0.000     1.000
 HOCO            1   244.000     3.763     0.000     2.650     2.100
 HOCHO           2   481.800     3.626     1.700     0.000     1.000
 CH3CO           2   436.000     3.970     0.000     0.000     2.000

 TRANSPORT LIBRARY WORKING SPACE REQUIREMENTS ARE
    INTEGER:        586
    REAL:        473625

